<?xml version="1.0" encoding="UTF-8"?>
<testng-results skipped="0" failed="0" ignored="0" total="1" passed="1">
  <reporter-output>
  </reporter-output>
  <suite name="Default suite" duration-ms="27230" started-at="2018-03-23T13:54:15Z" finished-at="2018-03-23T13:54:42Z">
    <groups>
    </groups>
    <test name="Default test" duration-ms="27230" started-at="2018-03-23T13:54:15Z" finished-at="2018-03-23T13:54:42Z">
      <class name="cn.gloryroad.testScript.TestSuiteByExcel">
        <test-method status="PASS" signature="testTestSuite()[pri:0, instance:cn.gloryroad.testScript.TestSuiteByExcel@27f723]" name="testTestSuite" duration-ms="27150" started-at="2018-03-23T21:54:15Z" finished-at="2018-03-23T21:54:42Z">
          <reporter-output>
          </reporter-output>
        </test-method> <!-- testTestSuite -->
      </class> <!-- cn.gloryroad.testScript.TestSuiteByExcel -->
    </test> <!-- Default test -->
  </suite> <!-- Default suite -->
</testng-results>
